#
# There is insufficient memory for the Java Runtime Environment to continue.
# Native memory allocation (mmap) failed to map 130023424 bytes. Error detail: G1 virtual space
# Possible reasons:
#   The system is out of physical RAM or swap space
#   This process is running with CompressedOops enabled, and the Java Heap may be blocking the growth of the native heap
# Possible solutions:
#   Reduce memory load on the system
#   Increase physical memory or swap space
#   Check if swap backing store is full
#   Decrease Java heap size (-Xmx/-Xms)
#   Decrease number of Java threads
#   Decrease Java thread stack sizes (-Xss)
#   Set larger code cache with -XX:ReservedCodeCacheSize=
#   JVM is running with Unscaled Compressed Oops mode in which the Java heap is
#     placed in the first 4GB address space. The Java Heap base address is the
#     maximum limit for the native heap growth. Please use -XX:HeapBaseMinAddress
#     to set the Java Heap base and to place the Java Heap above 4GB virtual address.
# This output file may be truncated or incomplete.
#
#  Out of Memory Error (os_windows.cpp:3564), pid=16720, tid=11880
#
# JRE version:  (24.0.2+12) (build )
# Java VM: Java HotSpot(TM) 64-Bit Server VM (24.0.2+12-54, mixed mode, sharing, tiered, compressed oops, compressed class ptrs, g1 gc, windows-amd64)
# No core dump will be written. Minidumps are not enabled by default on client versions of Windows
#

---------------  S U M M A R Y ------------

Command Line: --enable-native-access=ALL-UNNAMED 

Host: 11th Gen Intel(R) Core(TM) i5-1135G7 @ 2.40GHz, 8 cores, 7G,  Windows 11 , 64 bit Build 26100 (10.0.26100.5074)
Time: Mon Sep 29 18:04:03 2025 India Standard Time elapsed time: 1.112959 seconds (0d 0h 0m 1s)

---------------  T H R E A D  ---------------

Current thread (0x000001d115124680):  JavaThread "Unknown thread" [_thread_in_vm, id=11880, stack(0x0000000c80700000,0x0000000c80800000) (1024K)]

Stack: [0x0000000c80700000,0x0000000c80800000]
Native frames: (J=compiled Java code, j=interpreted, Vv=VM code, C=native code)
V  [jvm.dll+0x730829]  (no source info available)
V  [jvm.dll+0x8d9da3]  (no source info available)
V  [jvm.dll+0x8dc28d]  (no source info available)
V  [jvm.dll+0x8dc903]  (no source info available)
V  [jvm.dll+0x2a9f56]  (no source info available)
V  [jvm.dll+0x72cd55]  (no source info available)
V  [jvm.dll+0x72066a]  (no source info available)
V  [jvm.dll+0x390b7a]  (no source info available)
V  [jvm.dll+0x398906]  (no source info available)
V  [jvm.dll+0x3850de]  (no source info available)
V  [jvm.dll+0x385398]  (no source info available)
V  [jvm.dll+0x35d10c]  (no source info available)
V  [jvm.dll+0x35ddcd]  (no source info available)
V  [jvm.dll+0x89d50f]  (no source info available)
V  [jvm.dll+0x3f979d]  (no source info available)
V  [jvm.dll+0x885b66]  (no source info available)
V  [jvm.dll+0x495e7e]  (no source info available)
V  [jvm.dll+0x497c51]  (no source info available)
C  [jli.dll+0x52a1]  (no source info available)
C  [ucrtbase.dll+0x37b0]  (no source info available)
C  [KERNEL32.DLL+0x2e8d7]  (no source info available)
C  [ntdll.dll+0x8d9c]  (no source info available)

Lock stack of current Java thread (top to bottom):


---------------  P R O C E S S  ---------------

Threads class SMR info:
_java_thread_list=0x00007ffd67f4f318, length=0, elements={
}

Java Threads: ( => current thread )
Total: 0

Other Threads:
  0x000001d117561310 WorkerThread "GC Thread#0"                     [id=7936, stack(0x0000000c80800000,0x0000000c80900000) (1024K)]
  0x000001d117576670 ConcurrentGCThread "G1 Main Marker"            [id=21416, stack(0x0000000c80900000,0x0000000c80a00000) (1024K)]
  0x000001d117577180 WorkerThread "G1 Conc#0"                       [id=23384, stack(0x0000000c80a00000,0x0000000c80b00000) (1024K)]

[error occurred during error reporting (printing all threads), id 0xc0000005, EXCEPTION_ACCESS_VIOLATION (0xc0000005) at pc=0x00007ffd6768138a]
VM state: not at safepoint (not fully initialized)

VM Mutex/Monitor currently owned by a thread:  ([mutex/lock_event])
[0x00007ffd67fd45f0] Heap_lock - owner thread: 0x000001d115124680

Heap address: 0x0000000084c00000, size: 1972 MB, Compressed Oops mode: 32-bit

CDS archive(s) mapped at: [0x0000000000000000-0x0000000000000000-0x0000000000000000), size 0, SharedBaseAddress: 0x0000000800000000, ArchiveRelocationMode: 1.
UseCompressedClassPointers 1, UseCompactObjectHeaders 0
Narrow klass pointer bits 32, Max shift 3
Narrow klass base: 0xffffffffffffffff, Narrow klass shift: -1
Encoding Range: [0xffffffffffffffff - 0x000000007fffffff), (2147483648 bytes)
Klass Range:    [0x0000000000000000 - 0x0000000000000000), (0 bytes)
Klass ID Range:  [4294967295 - 0) (1)

GC Precious Log:
 CardTable entry size: 512
 Card Set container configuration: InlinePtr #cards 5 size 8 Array Of Cards #cards 10 size 36 Howl #buckets 4 coarsen threshold 1843 Howl Bitmap #cards 512 size 80 coarsen threshold 460 Card regions per heap region 1 cards per card region 2048

Heap:
 garbage-first heap   total reserved 2019328K, committed 0K, used 0K [0x0000000084c00000, 0x0000000100000000)
  region size 1024K, 0 young (0K), 0 survivors (0K)

[error occurred during error reporting (printing heap information), id 0xc0000005, EXCEPTION_ACCESS_VIOLATION (0xc0000005) at pc=0x00007ffd67a9e679]
GC Heap History (0 events):
No events

Dll operation events (1 events):
Event: 0.011 Loaded shared library C:\Program Files\Java\jdk-24\bin\java.dll

Deoptimization events (0 events):
No events

Classes loaded (0 events):
No events

Classes unloaded (0 events):
No events

Classes redefined (0 events):
No events

Internal exceptions (0 events):
No events

VM Operations (0 events):
No events

Memory protections (0 events):
No events

Nmethod flushes (0 events):
No events

Events (0 events):
No events


Dynamic libraries:
0x00007ff699570000 - 0x00007ff699580000 	C:\Program Files\Java\jdk-24\bin\java.exe
0x00007ffdebaa0000 - 0x00007ffdebd09000 	C:\WINDOWS\SYSTEM32\ntdll.dll
0x00007ffde9870000 - 0x00007ffde9939000 	C:\WINDOWS\System32\KERNEL32.DLL
0x00007ffde8c30000 - 0x00007ffde9023000 	C:\WINDOWS\System32\KERNELBASE.dll
0x00007ffde9030000 - 0x00007ffde917b000 	C:\WINDOWS\System32\ucrtbase.dll
0x00007ffdd0b60000 - 0x00007ffdd0b76000 	C:\Program Files\Java\jdk-24\bin\jli.dll
0x00007ffde9ef0000 - 0x00007ffdea0b4000 	C:\WINDOWS\System32\USER32.dll
0x00007ffde9360000 - 0x00007ffde9387000 	C:\WINDOWS\System32\win32u.dll
0x00007ffdd1060000 - 0x00007ffdd12f3000 	C:\WINDOWS\WinSxS\amd64_microsoft.windows.common-controls_6595b64144ccf1df_6.0.26100.5074_none_3e0d6f78e32fd63f\COMCTL32.dll
0x00007ffdea7d0000 - 0x00007ffdea7fb000 	C:\WINDOWS\System32\GDI32.dll
0x00007ffdea720000 - 0x00007ffdea7c9000 	C:\WINDOWS\System32\msvcrt.dll
0x00007ffde9740000 - 0x00007ffde986d000 	C:\WINDOWS\System32\gdi32full.dll
0x00007ffde92b0000 - 0x00007ffde9353000 	C:\WINDOWS\System32\msvcp_win.dll
0x00007ffdce060000 - 0x00007ffdce07b000 	C:\Program Files\Java\jdk-24\bin\VCRUNTIME140.dll
0x00007ffdea0c0000 - 0x00007ffdea0ef000 	C:\WINDOWS\System32\IMM32.DLL
0x00007ffdd7c20000 - 0x00007ffdd7c2c000 	C:\Program Files\Java\jdk-24\bin\vcruntime140_1.dll
0x00007ffdc0a70000 - 0x00007ffdc0afe000 	C:\Program Files\Java\jdk-24\bin\msvcp140.dll
0x00007ffd67310000 - 0x00007ffd680b1000 	C:\Program Files\Java\jdk-24\bin\server\jvm.dll
0x00007ffdeb980000 - 0x00007ffdeba34000 	C:\WINDOWS\System32\ADVAPI32.dll
0x00007ffdeadf0000 - 0x00007ffdeae96000 	C:\WINDOWS\System32\sechost.dll
0x00007ffde9dd0000 - 0x00007ffde9ee8000 	C:\WINDOWS\System32\RPCRT4.dll
0x00007ffdeb000000 - 0x00007ffdeb074000 	C:\WINDOWS\System32\WS2_32.dll
0x00007ffde8a90000 - 0x00007ffde8aee000 	C:\WINDOWS\SYSTEM32\POWRPROF.dll
0x00007ffddf880000 - 0x00007ffddf8b5000 	C:\WINDOWS\SYSTEM32\WINMM.dll
0x00007ffdd49c0000 - 0x00007ffdd49cb000 	C:\WINDOWS\SYSTEM32\VERSION.dll
0x00007ffde8a70000 - 0x00007ffde8a84000 	C:\WINDOWS\SYSTEM32\UMPDC.dll
0x00007ffde7a10000 - 0x00007ffde7a2b000 	C:\WINDOWS\SYSTEM32\kernel.appcore.dll
0x00007ffdd79b0000 - 0x00007ffdd79ba000 	C:\Program Files\Java\jdk-24\bin\jimage.dll
0x00007ffde6260000 - 0x00007ffde64a2000 	C:\WINDOWS\SYSTEM32\DBGHELP.DLL
0x00007ffdea100000 - 0x00007ffdea47b000 	C:\WINDOWS\System32\combase.dll
0x00007ffdeaef0000 - 0x00007ffdeafc7000 	C:\WINDOWS\System32\OLEAUT32.dll
0x00007ffdd7c80000 - 0x00007ffdd7cbd000 	C:\WINDOWS\SYSTEM32\dbgcore.DLL
0x00007ffde9180000 - 0x00007ffde9219000 	C:\WINDOWS\System32\bcryptPrimitives.dll
0x00007ffdc0b20000 - 0x00007ffdc0b3e000 	C:\Program Files\Java\jdk-24\bin\java.dll
0x00007ffdeac50000 - 0x00007ffdeade8000 	C:\WINDOWS\System32\ole32.dll
0x00007ffdeb230000 - 0x00007ffdeb97d000 	C:\WINDOWS\System32\SHELL32.dll
0x00007ffde95d0000 - 0x00007ffde973c000 	C:\WINDOWS\System32\wintypes.dll

JVMTI agents: none

dbghelp: loaded successfully - version: 4.0.5 - missing functions: none
symbol engine: initialized successfully - sym options: 0x614 - pdb path: .;C:\Program Files\Java\jdk-24\bin;C:\WINDOWS\SYSTEM32;C:\WINDOWS\WinSxS\amd64_microsoft.windows.common-controls_6595b64144ccf1df_6.0.26100.5074_none_3e0d6f78e32fd63f;C:\Program Files\Java\jdk-24\bin\server

VM Arguments:
jvm_args: --enable-native-access=ALL-UNNAMED 
java_command: <unknown>
java_class_path (initial): <not set>
Launcher Type: SUN_STANDARD

[Global flags]
     intx CICompilerCount                          = 4                                         {product} {ergonomic}
     uint ConcGCThreads                            = 2                                         {product} {ergonomic}
     uint G1ConcRefinementThreads                  = 8                                         {product} {ergonomic}
   size_t G1HeapRegionSize                         = 1048576                                   {product} {ergonomic}
   size_t InitialHeapSize                          = 130023424                                 {product} {ergonomic}
   size_t MarkStackSize                            = 4194304                                   {product} {ergonomic}
   size_t MarkStackSizeMax                         = 536870912                                 {product} {ergonomic}
   size_t MaxHeapSize                              = 2067791872                                {product} {ergonomic}
   size_t MinHeapDeltaBytes                        = 1048576                                   {product} {ergonomic}
   size_t MinHeapSize                              = 8388608                                   {product} {ergonomic}
    uintx NonNMethodCodeHeapSize                   = 5832704                                {pd product} {ergonomic}
    uintx NonProfiledCodeHeapSize                  = 122945536                              {pd product} {ergonomic}
    uintx ProfiledCodeHeapSize                     = 122880000                              {pd product} {ergonomic}
    uintx ReservedCodeCacheSize                    = 251658240                              {pd product} {ergonomic}
     bool SegmentedCodeCache                       = true                                      {product} {ergonomic}
   size_t SoftMaxHeapSize                          = 2067791872                             {manageable} {ergonomic}
     bool UseCompressedOops                        = true                           {product lp64_product} {ergonomic}
     bool UseG1GC                                  = true                                      {product} {ergonomic}
     bool UseLargePagesIndividualAllocation        = false                                  {pd product} {ergonomic}

Logging:
Log output configuration:
 #0: stdout all=warning uptime,level,tags foldmultilines=false
 #1: stderr all=off uptime,level,tags foldmultilines=false

Environment Variables:
JAVA_HOME=C:\Program Files\Java\jdk-24
PATH=C:\Program Files\Common Files\Oracle\Java\javapath;C:\Program Files\Eclipse Adoptium\jdk-21.0.8.9-hotspot\bin;C:\Program Files (x86)\Common Files\Oracle\Java\java8path;C:\Program Files (x86)\Common Files\Oracle\Java\javapath;C:\WINDOWS\system32;C:\WINDOWS;C:\WINDOWS\System32\Wbem;C:\WINDOWS\System32\WindowsPowerShell\v1.0\;C:\WINDOWS\System32\OpenSSH\;C:\MinGW\bin;C:\ProgramData\chocolatey\bin;C:\Program Files\Git\cmd;C:\Program Files\MongoDB\Server\5.0\bin;C:\Program Files\MySQL\MySQL Server 8.0\bin;C:\Program Files\nodejs\;C:\Program Files\Java\jdk-24\bin;C:\Program Files\Java\jdk-24\bin;C:\Program Files\apache-maven-3.9.11\bin;D:\anacondafiles;D:\anacondafiles\Library\mingw-w64\bin;D:\anacondafiles\Library\usr\bin;D:\anacondafiles\Library\bin;D:\anacondafiles\Scripts;C:\Users\rituraj kumar\AppData\Local\Programs\Python\Python310\Scripts\;C:\Users\rituraj kumar\AppData\Local\Programs\Python\Python310\;C:\Users\rituraj kumar\AppData\Local\Microsoft\WindowsApps;C:\Users\rituraj kumar\AppData\Local\Programs\Microsoft VS Code\bin;C:\Program Files (x86)\mingw-w64\i686-8.1.0-posix-dwarf-rt_v6-rev0\mingw32\bin;C:\MinGW\bin;C:\Program Files\MongoDB\Server\5.0\bin;C:\Users\rituraj kumar\AppData\Roaming\npm;
USERNAME=rituraj kumar
LANG=en_US.UTF-8
OS=Windows_NT
PROCESSOR_IDENTIFIER=Intel64 Family 6 Model 140 Stepping 1, GenuineIntel
TMP=C:\Users\RITURA~1\AppData\Local\Temp
TEMP=C:\Users\RITURA~1\AppData\Local\Temp




Periodic native trim disabled

---------------  S Y S T E M  ---------------

OS:
 Windows 11 , 64 bit Build 26100 (10.0.26100.5074)
OS uptime: 3 days 4:41 hours

CPU: total 8 (initial active 8) (4 cores per cpu, 2 threads per core) family 6 model 140 stepping 1 microcode 0x86, cx8, cmov, fxsr, ht, mmx, 3dnowpref, sse, sse2, sse3, ssse3, sse4.1, sse4.2, popcnt, lzcnt, tsc, tscinvbit, avx, avx2, aes, erms, clmul, bmi1, bmi2, adx, avx512f, avx512dq, avx512cd, avx512bw, avx512vl, sha, fma, vzeroupper, avx512_vpopcntdq, avx512_vpclmulqdq, avx512_vaes, avx512_vnni, clflush, clflushopt, clwb, avx512_vbmi2, avx512_vbmi, rdtscp, rdpid, fsrm, gfni, avx512_bitalg, f16c, pku, cet_ibt, cet_ss, avx512_ifma
Processor Information for processor 0
  Max Mhz: 2419, Current Mhz: 2419, Mhz Limit: 2419
Processor Information for processor 1
  Max Mhz: 2419, Current Mhz: 1209, Mhz Limit: 2419
Processor Information for processor 2
  Max Mhz: 2419, Current Mhz: 2419, Mhz Limit: 2419
Processor Information for processor 3
  Max Mhz: 2419, Current Mhz: 2419, Mhz Limit: 2419
Processor Information for processor 4
  Max Mhz: 2419, Current Mhz: 2419, Mhz Limit: 2419
Processor Information for processor 5
  Max Mhz: 2419, Current Mhz: 2419, Mhz Limit: 2419
Processor Information for processor 6
  Max Mhz: 2419, Current Mhz: 2419, Mhz Limit: 2419
Processor Information for processor 7
  Max Mhz: 2419, Current Mhz: 2419, Mhz Limit: 2419

Memory: 4k page, system-wide physical 7886M (483M free)
TotalPageFile size 21553M (AvailPageFile size 116M)
current process WorkingSet (physical memory assigned to process): 13M, peak: 13M
current process commit charge ("private bytes"): 61M, peak: 184M

vm_info: Java HotSpot(TM) 64-Bit Server VM (24.0.2+12-54) for windows-amd64 JRE (24.0.2+12-54), built on 2025-07-08T12:10:27Z with MS VC++ 17.6 (VS2022)

END.
